<?xml version="1.0" encoding="UTF-8"?>
<testng-results ignored="0" total="1" passed="1" failed="0" skipped="0">
  <reporter-output>
  </reporter-output>
  <suite started-at="2018-11-19T08:40:39Z" name="Default suite" finished-at="2018-11-19T08:40:40Z" duration-ms="692">
    <groups>
    </groups>
    <test started-at="2018-11-19T08:40:39Z" name="Default test" finished-at="2018-11-19T08:40:40Z" duration-ms="692">
      <class name="com.qg.apitest.SubmitTest">
        <test-method signature="submit()[pri:0, instance:com.qg.apitest.SubmitTest@32910148]" started-at="2018-11-19T08:40:39Z" name="submit" finished-at="2018-11-19T08:40:40Z" duration-ms="663" status="PASS">
          <reporter-output>
          </reporter-output>
        </test-method> <!-- submit -->
      </class> <!-- com.qg.apitest.SubmitTest -->
    </test> <!-- Default test -->
  </suite> <!-- Default suite -->
</testng-results>
