<?xml version="1.0" encoding="UTF-8"?>
<!-- Generated by org.testng.reporters.JUnitReportReporter -->
<testsuite hostname="LAPTOP-D2AHC7JJ" failures="0" tests="2" name="com.qg.apitest.GetTransportFee" time="0.927" errors="0" timestamp="31 10月 2018 08:28:35 GMT" skipped="0">
  <testcase classname="com.qg.apitest.GetTransportFee" name="GetTransportFeeTest" time="0.829"/>
  <testcase classname="com.qg.apitest.GetTransportFee" name="GetTransportFeeTest2" time="0.098"/>
</testsuite> <!-- com.qg.apitest.GetTransportFee -->
