<?xml version="1.0" encoding="UTF-8"?>
<!-- Generated by org.testng.reporters.JUnitReportReporter -->
<testsuite hostname="LAPTOP-D2AHC7JJ" failures="0" tests="4" name="com.qg.apitest.SkuListTest" time="1.500" errors="0" timestamp="31 10月 2018 02:28:24 GMT" skipped="0">
  <testcase classname="com.qg.apitest.SkuListTest" name="TestSkuListById" time="0.122"/>
  <testcase classname="com.qg.apitest.SkuListTest" name="TestSkuList2" time="0.832"/>
  <testcase classname="com.qg.apitest.SkuListTest" name="TestSkuList1" time="0.449"/>
  <testcase classname="com.qg.apitest.SkuListTest" name="TestSkuListByWrongIdType" time="0.097"/>
</testsuite> <!-- com.qg.apitest.SkuListTest -->
