<?xml version="1.0" encoding="UTF-8"?>
<!-- Generated by org.testng.reporters.JUnitXMLReporter -->
<testsuite ignored="0" hostname="LAPTOP-D2AHC7JJ" failures="0" tests="6" name="Test" time="1.902" errors="0" timestamp="31 10月 2018 02:02:36 GMT">
  <testcase classname="com.qg.apitest.LoginTest" name="logintest" time="0.516"/>
  <testcase classname="com.qg.apitest.SubmitTest" name="submit" time="0.236"/>
  <testcase classname="com.qg.apitest.SkuListTest" name="TestSkuList1" time="0.128"/>
  <testcase classname="com.qg.apitest.SkuListTest" name="TestSkuList2" time="0.102"/>
  <testcase classname="com.qg.apitest.SkuListTest" name="TestSkuListById" time="0.098"/>
  <testcase classname="com.qg.apitest.SkuListTest" name="TestSkuListByWrongIdType" time="0.106"/>
</testsuite> <!-- Test -->
